{"timestamp": "2025-08-12T14:06:05.581319+00:00", "level": "INFO", "message": "Start gaid_start", "module": "outputhandlergaid", "function": "wrapper", "user_id": null, "extra": {"user_id": 1345643822}}
{"timestamp": "2025-08-12T14:06:05.584074+00:00", "level": "DEBUG", "message": "Отправка клавиатуры с гайдами", "module": "outputhandlergaid", "function": "gaid_start", "user_id": null, "extra": {}}
{"timestamp": "2025-08-12T14:06:05.780263+00:00", "level": "INFO", "message": "Completed gaid_start in 0.20s", "module": "outputhandlergaid", "function": "wrapper", "user_id": null, "extra": {"user_id": 1345643822, "exec_time": 0.19846653938293457}}
{"timestamp": "2025-08-12T14:06:06.557497+00:00", "level": "INFO", "message": "Start gaidselect", "module": "outputhandlergaid", "function": "wrapper", "user_id": null, "extra": {"user_id": 1345643822}}
{"timestamp": "2025-08-12T14:06:06.673416+00:00", "level": "DEBUG", "message": "Retrieved guide data: Gaid", "module": "outputhandlergaid", "function": "gaidselect", "user_id": null, "extra": {}}
{"timestamp": "2025-08-12T14:06:06.918473+00:00", "level": "INFO", "message": "Completed gaidselect in 0.36s", "module": "outputhandlergaid", "function": "wrapper", "user_id": null, "extra": {"user_id": 1345643822, "exec_time": 0.3606226444244385}}
{"timestamp": "2025-08-12T14:06:36.148204+00:00", "level": "INFO", "message": "Start ConfirmanswerYes", "module": "outputhandlergaid", "function": "wrapper", "user_id": null, "extra": {"user_id": 1345643822}}
{"timestamp": "2025-08-12T14:06:36.804600+00:00", "level": "INFO", "message": "Гайд доставлен 1345643822", "module": "outputhandlergaid", "function": "ConfirmanswerYes", "user_id": null, "extra": {}}
{"timestamp": "2025-08-12T14:06:51.829670+00:00", "level": "INFO", "message": "Start gaid_start", "module": "outputhandlergaid", "function": "wrapper", "user_id": null, "extra": {"user_id": 1345643822}}
{"timestamp": "2025-08-12T14:06:51.831714+00:00", "level": "DEBUG", "message": "Отправка клавиатуры с гайдами", "module": "outputhandlergaid", "function": "gaid_start", "user_id": null, "extra": {}}
{"timestamp": "2025-08-12T14:06:51.975054+00:00", "level": "INFO", "message": "Completed gaid_start in 0.15s", "module": "outputhandlergaid", "function": "wrapper", "user_id": null, "extra": {"user_id": 1345643822, "exec_time": 0.14504671096801758}}
{"timestamp": "2025-08-12T16:55:42.441352+00:00", "level": "INFO", "message": "Start gaid_start", "module": "outputhandlergaid", "function": "wrapper", "user_id": null, "extra": {"user_id": 1345643822}}
{"timestamp": "2025-08-12T16:55:42.443853+00:00", "level": "DEBUG", "message": "Отправка клавиатуры с гайдами", "module": "outputhandlergaid", "function": "gaid_start", "user_id": null, "extra": {}}
{"timestamp": "2025-08-12T16:55:42.541569+00:00", "level": "INFO", "message": "Completed gaid_start in 0.10s", "module": "outputhandlergaid", "function": "wrapper", "user_id": null, "extra": {"user_id": 1345643822, "exec_time": 0.09981608390808105}}
{"timestamp": "2025-08-12T16:55:43.629137+00:00", "level": "INFO", "message": "Start gaidselect", "module": "outputhandlergaid", "function": "wrapper", "user_id": null, "extra": {"user_id": 1345643822}}
{"timestamp": "2025-08-12T16:55:43.733178+00:00", "level": "DEBUG", "message": "Retrieved guide data: Gaid", "module": "outputhandlergaid", "function": "gaidselect", "user_id": null, "extra": {}}
{"timestamp": "2025-08-12T16:55:43.969845+00:00", "level": "INFO", "message": "Completed gaidselect in 0.34s", "module": "outputhandlergaid", "function": "wrapper", "user_id": null, "extra": {"user_id": 1345643822, "exec_time": 0.34036874771118164}}
{"timestamp": "2025-08-13T16:30:37.167644+00:00", "level": "INFO", "message": "Start gaid_start", "module": "outputhandlergaid", "function": "wrapper", "user_id": null, "extra": {"user_id": 1345643822}}
{"timestamp": "2025-08-13T16:30:37.171859+00:00", "level": "DEBUG", "message": "Отправка клавиатуры с гайдами", "module": "outputhandlergaid", "function": "gaid_start", "user_id": null, "extra": {}}
{"timestamp": "2025-08-13T16:30:37.320576+00:00", "level": "INFO", "message": "Completed gaid_start in 0.15s", "module": "outputhandlergaid", "function": "wrapper", "user_id": null, "extra": {"user_id": 1345643822, "exec_time": 0.15227699279785156}}
{"timestamp": "2025-08-13T16:30:39.285924+00:00", "level": "INFO", "message": "Start gaidselect", "module": "outputhandlergaid", "function": "wrapper", "user_id": null, "extra": {"user_id": 1345643822}}
{"timestamp": "2025-08-13T16:30:39.413498+00:00", "level": "DEBUG", "message": "Retrieved guide data: GAID", "module": "outputhandlergaid", "function": "gaidselect", "user_id": null, "extra": {}}
{"timestamp": "2025-08-13T16:30:39.739863+00:00", "level": "INFO", "message": "Completed gaidselect in 0.45s", "module": "outputhandlergaid", "function": "wrapper", "user_id": null, "extra": {"user_id": 1345643822, "exec_time": 0.45353007316589355}}
{"timestamp": "2025-08-13T16:42:36.435518+00:00", "level": "INFO", "message": "Start gaid_start", "module": "outputhandlergaid", "function": "wrapper", "user_id": null, "extra": {"user_id": 1345643822}}
{"timestamp": "2025-08-13T16:42:36.440440+00:00", "level": "DEBUG", "message": "Отправка клавиатуры с гайдами", "module": "outputhandlergaid", "function": "gaid_start", "user_id": null, "extra": {}}
{"timestamp": "2025-08-13T16:42:36.744565+00:00", "level": "INFO", "message": "Completed gaid_start in 0.31s", "module": "outputhandlergaid", "function": "wrapper", "user_id": null, "extra": {"user_id": 1345643822, "exec_time": 0.30863308906555176}}
{"timestamp": "2025-08-13T16:42:38.340735+00:00", "level": "INFO", "message": "Start gaidselect", "module": "outputhandlergaid", "function": "wrapper", "user_id": null, "extra": {"user_id": 1345643822}}
{"timestamp": "2025-08-13T16:42:38.509697+00:00", "level": "DEBUG", "message": "Retrieved guide data: Gaid", "module": "outputhandlergaid", "function": "gaidselect", "user_id": null, "extra": {}}
{"timestamp": "2025-08-13T16:42:38.830724+00:00", "level": "INFO", "message": "Completed gaidselect in 0.49s", "module": "outputhandlergaid", "function": "wrapper", "user_id": null, "extra": {"user_id": 1345643822, "exec_time": 0.4896559715270996}}
{"timestamp": "2025-08-13T16:43:13.687940+00:00", "level": "INFO", "message": "Start gaid_start", "module": "outputhandlergaid", "function": "wrapper", "user_id": null, "extra": {"user_id": 1345643822}}
{"timestamp": "2025-08-13T16:43:13.690939+00:00", "level": "DEBUG", "message": "Отправка клавиатуры с гайдами", "module": "outputhandlergaid", "function": "gaid_start", "user_id": null, "extra": {}}
{"timestamp": "2025-08-13T16:43:13.788705+00:00", "level": "INFO", "message": "Completed gaid_start in 0.10s", "module": "outputhandlergaid", "function": "wrapper", "user_id": null, "extra": {"user_id": 1345643822, "exec_time": 0.10018086433410645}}
{"timestamp": "2025-08-13T17:05:38.960147+00:00", "level": "INFO", "message": "Start gaid_start", "module": "outputhandlergaid", "function": "wrapper", "user_id": null, "extra": {"user_id": 1345643822}}
{"timestamp": "2025-08-13T17:05:38.963616+00:00", "level": "DEBUG", "message": "Отправка клавиатуры с гайдами", "module": "outputhandlergaid", "function": "gaid_start", "user_id": null, "extra": {}}
{"timestamp": "2025-08-13T17:05:39.065900+00:00", "level": "INFO", "message": "Completed gaid_start in 0.11s", "module": "outputhandlergaid", "function": "wrapper", "user_id": null, "extra": {"user_id": 1345643822, "exec_time": 0.10512018203735352}}
{"timestamp": "2025-08-13T17:05:40.403196+00:00", "level": "INFO", "message": "Start gaidselect", "module": "outputhandlergaid", "function": "wrapper", "user_id": null, "extra": {"user_id": 1345643822}}
{"timestamp": "2025-08-13T17:05:40.559664+00:00", "level": "DEBUG", "message": "Retrieved guide data: Kursik", "module": "outputhandlergaid", "function": "gaidselect", "user_id": null, "extra": {}}
{"timestamp": "2025-08-13T17:05:40.854150+00:00", "level": "INFO", "message": "Completed gaidselect in 0.45s", "module": "outputhandlergaid", "function": "wrapper", "user_id": null, "extra": {"user_id": 1345643822, "exec_time": 0.4505269527435303}}
{"timestamp": "2025-08-14T07:22:47.647315+00:00", "level": "INFO", "message": "Start gaid_start", "module": "outputhandlergaid", "function": "wrapper", "user_id": null, "extra": {"user_id": 1345643822}}
{"timestamp": "2025-08-14T07:22:47.651127+00:00", "level": "WARNING", "message": "Нет доступных гайдов", "module": "outputhandlergaid", "function": "gaid_start", "user_id": null, "extra": {}}
{"timestamp": "2025-08-14T07:22:47.789277+00:00", "level": "INFO", "message": "Completed gaid_start in 0.14s", "module": "outputhandlergaid", "function": "wrapper", "user_id": null, "extra": {"user_id": 1345643822, "exec_time": 0.14082694053649902}}
{"timestamp": "2025-08-14T07:35:06.185188+00:00", "level": "INFO", "message": "Start gaid_start", "module": "outputhandlergaid", "function": "wrapper", "user_id": null, "extra": {"user_id": 1345643822}}
{"timestamp": "2025-08-14T07:35:06.187739+00:00", "level": "DEBUG", "message": "Отправка клавиатуры с гайдами", "module": "outputhandlergaid", "function": "gaid_start", "user_id": null, "extra": {}}
{"timestamp": "2025-08-14T07:35:06.321105+00:00", "level": "INFO", "message": "Completed gaid_start in 0.14s", "module": "outputhandlergaid", "function": "wrapper", "user_id": null, "extra": {"user_id": 1345643822, "exec_time": 0.13544583320617676}}
{"timestamp": "2025-08-14T07:35:07.281818+00:00", "level": "INFO", "message": "Start gaidselect", "module": "outputhandlergaid", "function": "wrapper", "user_id": null, "extra": {"user_id": 1345643822}}
{"timestamp": "2025-08-14T07:35:07.427547+00:00", "level": "DEBUG", "message": "Retrieved guide data: GAID", "module": "outputhandlergaid", "function": "gaidselect", "user_id": null, "extra": {}}
{"timestamp": "2025-08-14T07:35:07.846953+00:00", "level": "INFO", "message": "Completed gaidselect in 0.56s", "module": "outputhandlergaid", "function": "wrapper", "user_id": null, "extra": {"user_id": 1345643822, "exec_time": 0.5647249221801758}}
{"timestamp": "2025-08-14T15:37:37.395083+00:00", "level": "INFO", "message": "Start gaid_start", "module": "outputhandlergaid", "function": "wrapper", "user_id": null, "extra": {"user_id": 1345643822}}
{"timestamp": "2025-08-14T15:37:37.399185+00:00", "level": "DEBUG", "message": "Отправка клавиатуры с гайдами", "module": "outputhandlergaid", "function": "gaid_start", "user_id": null, "extra": {}}
{"timestamp": "2025-08-14T15:37:37.586779+00:00", "level": "INFO", "message": "Completed gaid_start in 0.19s", "module": "outputhandlergaid", "function": "wrapper", "user_id": null, "extra": {"user_id": 1345643822, "exec_time": 0.19028615951538086}}
{"timestamp": "2025-08-14T15:37:39.702269+00:00", "level": "INFO", "message": "Start gaidselect", "module": "outputhandlergaid", "function": "wrapper", "user_id": null, "extra": {"user_id": 1345643822}}
{"timestamp": "2025-08-14T15:37:39.826281+00:00", "level": "DEBUG", "message": "Retrieved guide data: Gaid", "module": "outputhandlergaid", "function": "gaidselect", "user_id": null, "extra": {}}
{"timestamp": "2025-08-14T15:37:41.353762+00:00", "level": "INFO", "message": "Completed gaidselect in 1.65s", "module": "outputhandlergaid", "function": "wrapper", "user_id": null, "extra": {"user_id": 1345643822, "exec_time": 1.6507940292358398}}
